cl : command line warning D9035: option 'Gm' has been deprecated and will be removed in a future release
cl : command line warning D9025: overriding '/W3' with '/W1'
  quaternion.cpp
  glui_window.cpp
C:\Code\Zombies\dependencies\Box2D\glui\glui.h(914,24): warning C4834: discarding return value of function with 'nodiscard' attribute
  glui_treepanel.cpp
C:\Code\Zombies\dependencies\Box2D\glui\glui.h(914,24): warning C4834: discarding return value of function with 'nodiscard' attribute
C:\Code\Zombies\dependencies\Box2D\glui\glui_treepanel.cpp(169,20): warning C4834: discarding return value of function with 'nodiscard' attribute
  glui_tree.cpp
C:\Code\Zombies\dependencies\Box2D\glui\glui.h(914,24): warning C4834: discarding return value of function with 'nodiscard' attribute
  glui_translation.cpp
C:\Code\Zombies\dependencies\Box2D\glui\glui.h(914,24): warning C4834: discarding return value of function with 'nodiscard' attribute
  glui_textbox.cpp
C:\Code\Zombies\dependencies\Box2D\glui\glui.h(914,24): warning C4834: discarding return value of function with 'nodiscard' attribute
  glui_string.cpp
C:\Code\Zombies\dependencies\Box2D\glui\glui.h(914,24): warning C4834: discarding return value of function with 'nodiscard' attribute
  glui_statictext.cpp
C:\Code\Zombies\dependencies\Box2D\glui\glui.h(914,24): warning C4834: discarding return value of function with 'nodiscard' attribute
  glui_spinner.cpp
C:\Code\Zombies\dependencies\Box2D\glui\glui.h(914,24): warning C4834: discarding return value of function with 'nodiscard' attribute
  glui_separator.cpp
C:\Code\Zombies\dependencies\Box2D\glui\glui.h(914,24): warning C4834: discarding return value of function with 'nodiscard' attribute
  glui_scrollbar.cpp
C:\Code\Zombies\dependencies\Box2D\glui\glui.h(914,24): warning C4834: discarding return value of function with 'nodiscard' attribute
  glui_rotation.cpp
C:\Code\Zombies\dependencies\Box2D\glui\glui.h(914,24): warning C4834: discarding return value of function with 'nodiscard' attribute
  glui_rollout.cpp
C:\Code\Zombies\dependencies\Box2D\glui\glui.h(914,24): warning C4834: discarding return value of function with 'nodiscard' attribute
  glui_radio.cpp
C:\Code\Zombies\dependencies\Box2D\glui\glui.h(914,24): warning C4834: discarding return value of function with 'nodiscard' attribute
  glui_panel.cpp
C:\Code\Zombies\dependencies\Box2D\glui\glui.h(914,24): warning C4834: discarding return value of function with 'nodiscard' attribute
  glui_node.cpp
C:\Code\Zombies\dependencies\Box2D\glui\glui.h(914,24): warning C4834: discarding return value of function with 'nodiscard' attribute
  glui_mouse_iaction.cpp
C:\Code\Zombies\dependencies\Box2D\glui\glui.h(914,24): warning C4834: discarding return value of function with 'nodiscard' attribute
  glui_listbox.cpp
C:\Code\Zombies\dependencies\Box2D\glui\glui.h(914,24): warning C4834: discarding return value of function with 'nodiscard' attribute
  glui_list.cpp
C:\Code\Zombies\dependencies\Box2D\glui\glui.h(914,24): warning C4834: discarding return value of function with 'nodiscard' attribute
  glui_filebrowser.cpp
C:\Code\Zombies\dependencies\Box2D\glui\glui.h(914,24): warning C4834: discarding return value of function with 'nodiscard' attribute
  Generating Code...
  Compiling...
  glui_edittext.cpp
C:\Code\Zombies\dependencies\Box2D\glui\glui.h(914,24): warning C4834: discarding return value of function with 'nodiscard' attribute
  glui_control.cpp
C:\Code\Zombies\dependencies\Box2D\glui\glui.h(914,24): warning C4834: discarding return value of function with 'nodiscard' attribute
  glui_commandline.cpp
C:\Code\Zombies\dependencies\Box2D\glui\glui.h(914,24): warning C4834: discarding return value of function with 'nodiscard' attribute
  glui_column.cpp
C:\Code\Zombies\dependencies\Box2D\glui\glui.h(914,24): warning C4834: discarding return value of function with 'nodiscard' attribute
  glui_checkbox.cpp
C:\Code\Zombies\dependencies\Box2D\glui\glui.h(914,24): warning C4834: discarding return value of function with 'nodiscard' attribute
  glui_button.cpp
C:\Code\Zombies\dependencies\Box2D\glui\glui.h(914,24): warning C4834: discarding return value of function with 'nodiscard' attribute
  glui_bitmap_img_data.cpp
  glui_bitmaps.cpp
C:\Code\Zombies\dependencies\Box2D\glui\glui.h(914,24): warning C4834: discarding return value of function with 'nodiscard' attribute
  glui_add_controls.cpp
C:\Code\Zombies\dependencies\Box2D\glui\glui.h(914,24): warning C4834: discarding return value of function with 'nodiscard' attribute
  glui.cpp
C:\Code\Zombies\dependencies\Box2D\glui\glui.h(914,24): warning C4834: discarding return value of function with 'nodiscard' attribute
  arcball.cpp
  algebra3.cpp
  Generating Code...
  GLUI.vcxproj -> C:\Code\Zombies\dependencies\Box2D\Build\vs2012\bin\Debug\GLUI.lib
